[2025-11-21 15:44:54,278: INFO: main: Welcome to our custom log]
[2025-11-21 15:47:51,360: INFO: main: Welcome to our custom log]
[2025-11-24 15:28:43,481: INFO: common: yaml file: config\config.yaml loaded successfully]
[2025-11-24 15:28:43,500: INFO: common: yaml file: params.yaml loaded successfully]
[2025-11-24 15:28:43,500: INFO: common: created directory at: artifacts]
[2025-11-24 15:28:43,500: INFO: common: created directory at: artifacts/data_ingestion]
[2025-11-24 15:34:50,827: INFO: common: yaml file: config\config.yaml loaded successfully]
[2025-11-24 15:34:50,828: INFO: common: yaml file: params.yaml loaded successfully]
[2025-11-24 15:34:50,843: INFO: common: created directory at: artifacts]
[2025-11-24 15:34:50,844: INFO: common: created directory at: artifacts/data_ingestion]
[2025-11-24 15:37:51,958: INFO: common: yaml file: config\config.yaml loaded successfully]
[2025-11-24 15:37:51,960: INFO: common: yaml file: params.yaml loaded successfully]
[2025-11-24 15:37:51,960: INFO: common: created directory at: artifacts]
[2025-11-24 15:37:51,965: INFO: common: created directory at: artifacts/data_ingestion]
[2025-11-24 15:42:16,582: INFO: common: yaml file: config\config.yaml loaded successfully]
[2025-11-24 15:42:16,583: INFO: common: yaml file: params.yaml loaded successfully]
[2025-11-24 15:42:16,583: INFO: common: created directory at: artifacts]
[2025-11-24 15:42:16,585: INFO: common: created directory at: artifacts/data_ingestion]
[2025-11-24 15:42:16,585: INFO: 3885808377: Downloading data from https://drive.google.com/drive/folders/17kNPerwsAxFSIJghYbNJlEfnjMkutn5p into file artifacts/data_ingestion/data.zip]
[2025-11-24 15:55:38,970: INFO: common: yaml file: config\config.yaml loaded successfully]
[2025-11-24 15:55:38,972: INFO: common: yaml file: params.yaml loaded successfully]
[2025-11-24 15:55:38,974: INFO: common: created directory at: artifacts]
[2025-11-24 15:55:38,974: INFO: common: created directory at: artifacts/data_ingestion]
[2025-11-24 15:55:38,977: INFO: 3885808377: Downloading data from https://drive.google.com/drive/folders/17kNPerwsAxFSIJghYbNJlEfnjMkutn5p into file artifacts/data_ingestion/data.zip]
[2025-11-24 15:55:53,089: INFO: common: yaml file: config\config.yaml loaded successfully]
[2025-11-24 15:55:53,094: INFO: common: yaml file: params.yaml loaded successfully]
[2025-11-24 15:55:53,094: INFO: common: created directory at: artifacts]
[2025-11-24 15:55:53,096: INFO: common: created directory at: artifacts/data_ingestion]
[2025-11-24 15:55:53,097: INFO: 3885808377: Downloading data from https://drive.google.com/drive/folders/17kNPerwsAxFSIJghYbNJlEfnjMkutn5p into file artifacts/data_ingestion/data.zip]
[2025-11-24 15:56:08,305: INFO: common: yaml file: config\config.yaml loaded successfully]
[2025-11-24 15:56:08,306: INFO: common: yaml file: params.yaml loaded successfully]
[2025-11-24 15:56:08,308: INFO: common: created directory at: artifacts]
[2025-11-24 15:56:08,309: INFO: common: created directory at: artifacts/data_ingestion]
[2025-11-24 15:56:08,309: INFO: 3885808377: Downloading data from https://drive.google.com/drive/folders/17kNPerwsAxFSIJghYbNJlEfnjMkutn5p into file artifacts/data_ingestion/data.zip]
[2025-11-25 12:18:40,734: INFO: common: yaml file: config\config.yaml loaded successfully]
[2025-11-25 12:18:40,748: INFO: common: yaml file: params.yaml loaded successfully]
[2025-11-25 12:18:40,750: INFO: common: created directory at: artifacts]
[2025-11-25 12:18:40,752: INFO: common: created directory at: artifacts/data_ingestion]
[2025-11-25 12:18:40,752: INFO: 3885808377: Downloading data from https://drive.google.com/drive/folders/17kNPerwsAxFSIJghYbNJlEfnjMkutn5p into file artifacts/data_ingestion/data.zip]
[2025-11-25 12:27:58,822: INFO: 621215258: Downloading from: https://drive.google.com/file/d/FILE_ID/view?usp=sharing -> artifacts/data_ingestion/data.zip]
[2025-11-25 12:27:58,826: INFO: 621215258: Downloading file id: FILE_ID]
[2025-11-25 12:27:59,699: ERROR: 621215258: Failed to download from Google Drive.]
Traceback (most recent call last):
  File "c:\Users\NAVNATH\anaconda3\Lib\site-packages\gdown\download.py", line 267, in download
    url = get_url_from_gdrive_confirmation(res.text)
          ^^^^^^^^^^^^^^^^^^^^^^^^^^^^^^^^^^^^^^^^^^
  File "c:\Users\NAVNATH\anaconda3\Lib\site-packages\gdown\download.py", line 55, in get_url_from_gdrive_confirmation
    raise FileURLRetrievalError(
gdown.exceptions.FileURLRetrievalError: Cannot retrieve the public link of the file. You may need to change the permission to 'Anyone with the link', or have had many accesses. Check FAQ in https://github.com/wkentaro/gdown?tab=readme-ov-file#faq.

During handling of the above exception, another exception occurred:

Traceback (most recent call last):
  File "C:\Users\NAVNATH\AppData\Local\Temp\ipykernel_6000\621215258.py", line 80, in download_file
    gdown.download(direct_url, download_path, quiet=False)
  File "c:\Users\NAVNATH\anaconda3\Lib\site-packages\gdown\download.py", line 278, in download
    raise FileURLRetrievalError(message)
gdown.exceptions.FileURLRetrievalError: Failed to retrieve file url:

	Cannot retrieve the public link of the file. You may need to change
	the permission to 'Anyone with the link', or have had many accesses.
	Check FAQ in https://github.com/wkentaro/gdown?tab=readme-ov-file#faq.

You may still be able to access the file from the browser:

	https://drive.google.com/uc?id=FILE_ID

but Gdown can't. Please check connections and permissions.
[2025-11-25 13:08:13,010: INFO: common: yaml file: config\config.yaml loaded successfully]
[2025-11-25 13:08:13,012: INFO: common: yaml file: params.yaml loaded successfully]
[2025-11-25 13:08:13,012: INFO: common: created directory at: artifacts]
[2025-11-25 13:08:13,014: INFO: common: created directory at: artifacts/data_ingestion]
[2025-11-25 13:08:13,016: INFO: 986331348: Downloading data from https://drive.google.com/drive/folders/17kNPerwsAxFSIJghYbNJlEfnjMkutn5p/?usp=sharing into file artifacts/data_ingestion/data.zip]
[2025-11-25 13:13:40,486: INFO: common: yaml file: config\config.yaml loaded successfully]
[2025-11-25 13:13:40,493: INFO: common: yaml file: params.yaml loaded successfully]
[2025-11-25 13:13:40,495: INFO: common: created directory at: artifacts]
[2025-11-25 13:13:40,497: INFO: common: created directory at: artifacts/data_ingestion]
[2025-11-25 13:13:40,499: INFO: 986331348: Downloading data from https://drive.google.com/drive/folders/1ylmJWVIVVgrEerpkc11VJIpkHUnIJvAq?usp=sharing into file artifacts/data_ingestion/data.zip]
[2025-11-25 13:13:44,914: INFO: common: yaml file: config\config.yaml loaded successfully]
[2025-11-25 13:13:44,916: INFO: common: yaml file: params.yaml loaded successfully]
[2025-11-25 13:13:44,916: INFO: common: created directory at: artifacts]
[2025-11-25 13:13:44,919: INFO: common: created directory at: artifacts/data_ingestion]
[2025-11-25 13:13:44,920: INFO: 986331348: Downloading data from https://drive.google.com/drive/folders/1ylmJWVIVVgrEerpkc11VJIpkHUnIJvAq?usp=sharing into file artifacts/data_ingestion/data.zip]
[2025-11-25 13:19:14,871: INFO: common: yaml file: config\config.yaml loaded successfully]
[2025-11-25 13:19:14,871: INFO: common: yaml file: params.yaml loaded successfully]
[2025-11-25 13:19:14,874: INFO: common: created directory at: artifacts]
[2025-11-25 13:19:14,876: INFO: common: created directory at: artifacts/data_ingestion]
[2025-11-25 13:19:14,876: INFO: 986331348: Downloading data from https://drive.google.com/drive/folders/1ylmJWVIVVgrEerpkc11VJIpkHUnIJvAq/?usp=drive_link into file artifacts/data_ingestion/data.zip]
[2025-11-25 13:21:56,962: INFO: common: yaml file: config\config.yaml loaded successfully]
[2025-11-25 13:21:56,964: INFO: common: yaml file: params.yaml loaded successfully]
[2025-11-25 13:21:56,964: INFO: common: created directory at: artifacts]
[2025-11-25 13:21:56,966: INFO: common: created directory at: artifacts/data_ingestion]
[2025-11-25 13:21:56,966: INFO: 2190867955: Downloading data from https://drive.google.com/drive/folders/1ylmJWVIVVgrEerpkc11VJIpkHUnIJvAq/?usp=drive_link into file artifacts/data_ingestion/data.zip]
[2025-11-25 13:23:34,335: INFO: common: yaml file: config\config.yaml loaded successfully]
[2025-11-25 13:23:34,339: INFO: common: yaml file: params.yaml loaded successfully]
[2025-11-25 13:23:34,339: INFO: common: created directory at: artifacts]
[2025-11-25 13:23:34,341: INFO: common: created directory at: artifacts/data_ingestion]
[2025-11-25 13:23:34,343: INFO: 1199343267: Downloading data from https://drive.google.com/drive/folders/1ylmJWVIVVgrEerpkc11VJIpkHUnIJvAq/?usp=drive_link into file artifacts/data_ingestion/data.zip]
[2025-11-25 13:50:42,352: INFO: common: yaml file: config\config.yaml loaded successfully]
[2025-11-25 13:50:42,354: INFO: common: yaml file: params.yaml loaded successfully]
[2025-11-25 13:50:42,356: INFO: common: created directory at: artifacts]
[2025-11-25 13:50:42,358: INFO: common: created directory at: artifacts/data_ingestion]
[2025-11-25 13:50:42,358: INFO: 3849117023: Downloading data from https://drive.google.com/drive/folders/1ylmJWVIVVgrEerpkc11VJIpkHUnIJvAq?usp=sharing into file artifacts/data_ingestion/data.zip]
[2025-11-25 13:50:46,459: INFO: 3849117023: Downloaded data from https://drive.google.com/drive/folders/1ylmJWVIVVgrEerpkc11VJIpkHUnIJvAq?usp=sharing into file artifacts/data_ingestion/data.zip]
[2025-11-25 14:01:32,466: INFO: common: yaml file: config\config.yaml loaded successfully]
[2025-11-25 14:01:32,468: INFO: common: yaml file: params.yaml loaded successfully]
[2025-11-25 14:11:24,826: INFO: common: yaml file: config\config.yaml loaded successfully]
[2025-11-25 14:11:24,828: INFO: common: yaml file: params.yaml loaded successfully]
[2025-11-25 14:13:56,898: INFO: common: yaml file: config\config.yaml loaded successfully]
[2025-11-25 14:13:56,900: INFO: common: yaml file: params.yaml loaded successfully]
[2025-11-25 14:13:56,901: INFO: common: created directory at: artifacts]
[2025-11-25 14:13:56,901: INFO: common: created directory at: artifacts/data_ingestion]
[2025-11-25 14:13:56,903: INFO: 1731530715: Downloading data from 1ylmJWVIVVgrEerpkc11VJIpkHUnIJvAq into file artifacts/data_ingestion/kidnay_normal_tumor.zip]
[2025-11-25 14:14:01,606: INFO: 1731530715: Downloaded data from 1ylmJWVIVVgrEerpkc11VJIpkHUnIJvAq into file artifacts/data_ingestion/kidnay_normal_tumor.zip]
[2025-11-25 14:15:51,600: INFO: common: yaml file: config\config.yaml loaded successfully]
[2025-11-25 14:15:51,603: INFO: common: yaml file: params.yaml loaded successfully]
[2025-11-25 14:15:51,604: INFO: common: created directory at: artifacts]
[2025-11-25 14:15:51,606: INFO: common: created directory at: artifacts/data_ingestion]
[2025-11-25 14:15:51,607: INFO: 1731530715: Downloading data from 1ylmJWVIVVgrEerpkc11VJIpkHUnIJvAq into file artifacts/data_ingestion/data.zip]
[2025-11-25 14:15:56,404: INFO: 1731530715: Downloaded data from 1ylmJWVIVVgrEerpkc11VJIpkHUnIJvAq into file artifacts/data_ingestion/data.zip]
[2025-11-25 14:17:15,025: INFO: common: yaml file: config\config.yaml loaded successfully]
[2025-11-25 14:17:15,027: INFO: common: yaml file: params.yaml loaded successfully]
[2025-11-25 14:17:15,030: INFO: common: created directory at: artifacts]
[2025-11-25 14:17:15,031: INFO: common: created directory at: artifacts/data_ingestion]
[2025-11-25 14:17:15,032: INFO: 1731530715: Downloading data from 1ylmJWVIVVgrEerpkc11VJIpkHUnIJvAq into file kidnay_normal_tumor.zip]
[2025-11-25 14:17:19,369: INFO: 1731530715: Downloaded data from 1ylmJWVIVVgrEerpkc11VJIpkHUnIJvAq into file kidnay_normal_tumor.zip]
[2025-11-25 14:26:10,192: INFO: common: yaml file: config\config.yaml loaded successfully]
[2025-11-25 14:26:10,195: INFO: common: yaml file: params.yaml loaded successfully]
[2025-11-25 14:26:10,196: INFO: common: created directory at: artifacts]
[2025-11-25 14:26:10,198: INFO: common: created directory at: artifacts/data_ingestion]
[2025-11-25 14:26:10,199: INFO: 1731530715: Downloading data from 1ylmJWVIVVgrEerpkc11VJIpkHUnIJvAq into file artifacts/data_ingestion/kidnay_normal_tumor.zip]
[2025-11-25 14:26:14,760: INFO: 1731530715: Downloaded data from 1ylmJWVIVVgrEerpkc11VJIpkHUnIJvAq into file artifacts/data_ingestion/kidnay_normal_tumor.zip]
[2025-11-25 14:32:45,423: INFO: common: yaml file: config\config.yaml loaded successfully]
[2025-11-25 14:32:45,423: INFO: common: yaml file: params.yaml loaded successfully]
[2025-11-25 14:32:45,425: INFO: common: created directory at: artifacts]
[2025-11-25 14:32:45,427: INFO: common: created directory at: artifacts/data_ingestion]
[2025-11-25 14:32:45,429: INFO: 1731530715: Downloading data from https://drive.google.com/uc?id=1ylmJWVIVVgrEerpkc11VJIpkHUnIJvAq into file artifacts/data_ingestion]
[2025-11-25 14:32:49,838: INFO: 1731530715: Downloaded data from https://drive.google.com/uc?id=1ylmJWVIVVgrEerpkc11VJIpkHUnIJvAq into file artifacts/data_ingestion]
[2025-11-25 14:34:03,643: INFO: common: yaml file: config\config.yaml loaded successfully]
[2025-11-25 14:34:03,648: INFO: common: yaml file: params.yaml loaded successfully]
[2025-11-25 14:34:03,649: INFO: common: created directory at: artifacts]
[2025-11-25 14:34:03,649: INFO: common: created directory at: artifacts/data_ingestion]
[2025-11-25 14:34:03,650: INFO: 1731530715: Downloading data from https://drive.google.com/uc?id=1ylmJWVIVVgrEerpkc11VJIpkHUnIJvAq into file artifacts/data_ingestion/data.zip]
[2025-11-25 14:34:08,275: INFO: 1731530715: Downloaded data from https://drive.google.com/uc?id=1ylmJWVIVVgrEerpkc11VJIpkHUnIJvAq into file artifacts/data_ingestion/data.zip]
[2025-11-25 14:40:46,546: INFO: common: yaml file: config\config.yaml loaded successfully]
[2025-11-25 14:40:46,547: INFO: common: yaml file: params.yaml loaded successfully]
[2025-11-25 14:40:46,548: INFO: common: created directory at: artifacts]
[2025-11-25 14:40:46,549: INFO: common: created directory at: artifacts/data_ingestion]
[2025-11-25 14:40:46,550: INFO: 3642609027: Downloading data from https://drive.google.com/uc?id=1ylmJWVIVVgrEerpkc11VJIpkHUnIJvAq]
[2025-11-25 14:43:16,620: INFO: common: yaml file: config\config.yaml loaded successfully]
[2025-11-25 14:43:16,621: INFO: common: yaml file: params.yaml loaded successfully]
[2025-11-25 14:43:16,622: INFO: common: created directory at: artifacts]
[2025-11-25 14:43:16,623: INFO: common: created directory at: artifacts/data_ingestion]
[2025-11-25 14:43:16,623: INFO: 3642609027: Downloading data from https://drive.google.com/uc?id=1ylmJWVIVVgrEerpkc11VJIpkHUnIJvAq]
[2025-11-25 14:48:58,007: INFO: common: yaml file: config\config.yaml loaded successfully]
[2025-11-25 14:48:58,010: INFO: common: yaml file: params.yaml loaded successfully]
[2025-11-25 14:48:58,013: INFO: common: created directory at: artifacts]
[2025-11-25 14:48:58,015: INFO: common: created directory at: artifacts/data_ingestion]
[2025-11-25 14:48:58,016: INFO: 3849117023: Downloading data from 1ylmJWVIVVgrEerpkc11VJIpkHUnIJvAq into file artifacts/data_ingestion/data.zip]
[2025-11-25 14:49:02,727: INFO: 3849117023: Downloaded data from 1ylmJWVIVVgrEerpkc11VJIpkHUnIJvAq into file artifacts/data_ingestion/data.zip]
[2025-11-25 14:49:07,309: INFO: common: yaml file: config\config.yaml loaded successfully]
[2025-11-25 14:49:07,310: INFO: common: yaml file: params.yaml loaded successfully]
[2025-11-25 14:49:07,311: INFO: common: created directory at: artifacts]
[2025-11-25 14:49:07,311: INFO: common: created directory at: artifacts/data_ingestion]
[2025-11-25 14:49:07,313: INFO: 3849117023: Downloading data from 1ylmJWVIVVgrEerpkc11VJIpkHUnIJvAq into file artifacts/data_ingestion/data.zip]
[2025-11-25 14:49:11,694: INFO: 3849117023: Downloaded data from 1ylmJWVIVVgrEerpkc11VJIpkHUnIJvAq into file artifacts/data_ingestion/data.zip]
[2025-11-25 14:49:47,771: INFO: common: yaml file: config\config.yaml loaded successfully]
[2025-11-25 14:49:47,772: INFO: common: yaml file: params.yaml loaded successfully]
[2025-11-25 14:49:47,773: INFO: common: created directory at: artifacts]
[2025-11-25 14:49:47,774: INFO: common: created directory at: artifacts/data_ingestion]
[2025-11-25 14:49:47,775: INFO: 3849117023: Downloading data from 1ylmJWVIVVgrEerpkc11VJIpkHUnIJvAq into file artifacts/data_ingestion/data.zip]
[2025-11-25 14:49:52,492: INFO: 3849117023: Downloaded data from 1ylmJWVIVVgrEerpkc11VJIpkHUnIJvAq into file artifacts/data_ingestion/data.zip]
[2025-11-25 14:51:31,371: INFO: common: yaml file: config\config.yaml loaded successfully]
[2025-11-25 14:51:31,374: INFO: common: yaml file: params.yaml loaded successfully]
[2025-11-25 14:51:31,375: INFO: common: created directory at: artifacts]
[2025-11-25 14:51:31,376: INFO: common: created directory at: artifacts/data_ingestion]
[2025-11-25 14:51:31,378: INFO: 3849117023: Downloading data from 1https://drive.google.com/drive/folders/1ylmJWVIVVgrEerpkc11VJIpkHUnIJvAq/?usp=sharing into file artifacts/data_ingestion/data.zip]
[2025-11-25 14:51:35,881: INFO: 3849117023: Downloaded data from 1https://drive.google.com/drive/folders/1ylmJWVIVVgrEerpkc11VJIpkHUnIJvAq/?usp=sharing into file artifacts/data_ingestion/data.zip]
[2025-11-25 14:54:14,912: INFO: common: yaml file: config\config.yaml loaded successfully]
[2025-11-25 14:54:14,914: INFO: common: yaml file: params.yaml loaded successfully]
[2025-11-25 14:54:14,916: INFO: common: created directory at: artifacts]
[2025-11-25 14:54:14,917: INFO: common: created directory at: artifacts/data_ingestion]
[2025-11-25 14:54:14,917: INFO: 3849117023: Downloading data from 1https://drive.google.com/drive/folders/1ylmJWVIVVgrEerpkc11VJIpkHUnIJvAq/?usp=sharing into file artifacts/data_ingestion/data.zip]
[2025-11-25 14:54:19,512: INFO: 3849117023: Downloaded data from 1https://drive.google.com/drive/folders/1ylmJWVIVVgrEerpkc11VJIpkHUnIJvAq/?usp=sharing into file artifacts/data_ingestion/data.zip]
[2025-11-25 15:15:40,221: INFO: common: yaml file: config\config.yaml loaded successfully]
[2025-11-25 15:15:40,222: INFO: common: yaml file: params.yaml loaded successfully]
[2025-11-25 15:15:40,224: INFO: common: created directory at: artifacts]
[2025-11-25 15:15:40,225: INFO: common: created directory at: artifacts/data_ingestion]
[2025-11-25 15:15:40,226: INFO: 3849117023: Downloading data from 1ylmJWVIVVgrEerpkc11VJIpkHUnIJvAq into file artifacts/data_ingestion/data.zip]
[2025-11-25 15:15:44,881: INFO: 3849117023: Downloaded data from 1ylmJWVIVVgrEerpkc11VJIpkHUnIJvAq into file artifacts/data_ingestion/data.zip]
[2025-11-25 15:17:19,625: INFO: common: yaml file: config\config.yaml loaded successfully]
[2025-11-25 15:17:19,627: INFO: common: yaml file: params.yaml loaded successfully]
[2025-11-25 15:17:19,630: INFO: common: created directory at: artifacts]
[2025-11-25 15:17:19,631: INFO: common: created directory at: artifacts/data_ingestion]
[2025-11-25 15:17:19,633: INFO: 2602197090: Downloading data from 1ylmJWVIVVgrEerpkc11VJIpkHUnIJvAq into file artifacts/data_ingestion/data.zip]
[2025-11-25 15:17:22,822: INFO: 2602197090: Downloaded data from 1ylmJWVIVVgrEerpkc11VJIpkHUnIJvAq into file artifacts/data_ingestion/data.zip]
[2025-11-25 15:24:04,080: INFO: common: yaml file: config\config.yaml loaded successfully]
[2025-11-25 15:24:04,082: INFO: common: yaml file: params.yaml loaded successfully]
[2025-11-25 15:24:04,082: INFO: common: created directory at: artifacts]
[2025-11-25 15:24:04,083: INFO: common: created directory at: artifacts/data_ingestion]
[2025-11-25 15:24:04,085: INFO: 691118320: Downloading data from 1ylmJWVIVVgrEerpkc11VJIpkHUnIJvAq into file artifacts/data_ingestion/data.zip]
[2025-11-25 15:29:32,123: INFO: common: yaml file: config\config.yaml loaded successfully]
[2025-11-25 15:29:32,124: INFO: common: yaml file: params.yaml loaded successfully]
[2025-11-25 15:29:32,125: INFO: common: created directory at: artifacts]
[2025-11-25 15:29:32,126: INFO: common: created directory at: artifacts/data_ingestion]
[2025-11-25 15:29:32,127: INFO: 3689004324: Downloading data folder from 1ylmJWVIVVgrEerpkc11VJIpkHUnIJvAq into artifacts/data_ingestion]
[2025-11-25 15:30:37,132: INFO: common: yaml file: config\config.yaml loaded successfully]
[2025-11-25 15:30:37,133: INFO: common: yaml file: params.yaml loaded successfully]
[2025-11-25 15:30:37,135: INFO: common: created directory at: artifacts]
[2025-11-25 15:30:37,135: INFO: common: created directory at: artifacts/data_ingestion]
[2025-11-25 15:30:37,136: INFO: 3689004324: Downloading data folder from https://drive.google.com/drive/folders/1ylmJWVIVVgrEerpkc11VJIpkHUnIJvAq?usp=drive_link into artifacts/data_ingestion]
[2025-11-25 15:44:22,533: INFO: common: yaml file: config\config.yaml loaded successfully]
[2025-11-25 15:44:22,535: INFO: common: yaml file: params.yaml loaded successfully]
[2025-11-25 15:44:22,535: INFO: common: created directory at: artifacts]
[2025-11-25 15:47:53,210: INFO: common: yaml file: config\config.yaml loaded successfully]
[2025-11-25 15:47:53,212: INFO: common: yaml file: params.yaml loaded successfully]
[2025-11-25 15:47:53,213: INFO: common: created directory at: artifacts]
[2025-11-27 14:02:50,957: INFO: common: yaml file: C:\Users\NAVNATH\OneDrive\Desktop\Machine_Learning\Kidney-Disease-Classification-Deep-Learning-Project\config\config.yaml loaded successfully]
[2025-11-27 14:12:21,904: INFO: common: yaml file: C:\Users\NAVNATH\OneDrive\Desktop\Machine_Learning\Kidney-Disease-Classification-Deep-Learning-Project\config\config.yaml loaded successfully]
[2025-11-27 14:21:25,324: INFO: common: yaml file: config\config.yaml loaded successfully]
[2025-11-27 14:21:25,338: INFO: common: yaml file: params.yaml loaded successfully]
[2025-11-27 14:21:25,338: INFO: common: created directory at: artifacts]
[2025-11-27 14:21:25,340: INFO: common: created directory at: artifacts/data_ingestion]
[2025-11-27 14:21:25,341: INFO: 3689004324: Downloading data folder from https://drive.google.com/drive/folders/1ylmJWVIVVgrEerpkc11VJIpkHUnIJvAq/?usp=drive_link into artifacts/data_ingestion]
[2025-11-27 14:26:29,743: INFO: common: yaml file: config\config.yaml loaded successfully]
[2025-11-27 14:26:29,745: INFO: common: yaml file: params.yaml loaded successfully]
[2025-11-27 14:26:29,748: INFO: common: created directory at: artifacts]
[2025-11-27 14:26:29,749: INFO: common: created directory at: artifacts/data_ingestion]
[2025-11-27 14:26:29,750: INFO: 3745261163: Downloading full folder from https://drive.google.com/drive/folders/1ylmJWVIVVgrEerpkc11VJIpkHUnIJvAq/?usp=drive_link into artifacts/data_ingestion]
[2025-11-27 14:30:07,969: INFO: common: yaml file: config\config.yaml loaded successfully]
[2025-11-27 14:30:07,970: INFO: common: yaml file: params.yaml loaded successfully]
[2025-11-27 14:30:07,972: INFO: common: created directory at: artifacts]
[2025-11-27 14:30:07,973: INFO: common: created directory at: artifacts/data_ingestion]
[2025-11-27 14:30:07,974: INFO: 1158058732: Downloading ZIP from https://drive.google.com/drive/folders/1ylmJWVIVVgrEerpkc11VJIpkHUnIJvAq/?usp=drive_link into artifacts/data_ingestion/data.zip]
[2025-11-27 14:30:11,302: INFO: 1158058732: Downloaded ZIP file at: artifacts/data_ingestion/data.zip]
[2025-11-27 14:30:11,302: INFO: 1158058732: Extracting ZIP file artifacts/data_ingestion/data.zip into artifacts/data_ingestion]
[2025-11-27 14:40:48,705: INFO: common: yaml file: config\config.yaml loaded successfully]
[2025-11-27 14:40:48,707: INFO: common: yaml file: params.yaml loaded successfully]
[2025-11-27 14:40:48,707: INFO: common: created directory at: artifacts]
[2025-11-27 14:40:48,709: INFO: common: created directory at: artifacts/data_ingestion]
[2025-11-27 14:40:48,710: INFO: 1205823353: Downloading ZIP from https://drive.google.com/drive/folders/1ylmJWVIVVgrEerpkc11VJIpkHUnIJvAq/?usp=drive_link into artifacts/data_ingestion/data.zip]
[2025-11-27 14:40:53,168: INFO: 1205823353: Downloaded ZIP file at: artifacts/data_ingestion/data.zip]
[2025-11-27 14:40:53,169: INFO: 1205823353: Extracting ZIP file artifacts/data_ingestion/data.zip into artifacts/data_ingestion]
[2025-11-27 14:40:56,488: ERROR: 1205823353: The downloaded file is not a valid ZIP file. Please check the source_URL]
[2025-11-27 15:30:54,492: INFO: main: Welcome to our custom log]
